<?xml version="1.0" encoding="UTF-8"?>
<testng-results ignored="0" total="1" passed="1" failed="0" skipped="0">
  <reporter-output>
  </reporter-output>
  <suite started-at="2023-05-02T10:46:01 PKT" name="Default suite" finished-at="2023-05-02T10:47:23 PKT" duration-ms="81891">
    <groups>
    </groups>
    <test started-at="2023-05-02T10:46:01 PKT" name="Default test" finished-at="2023-05-02T10:47:23 PKT" duration-ms="81891">
      <class name="ahsaasprogram.scheeme">
        <test-method is-config="true" signature="LaunchBrowser()[pri:0, instance:ahsaasprogram.scheeme@44ebcd03]" started-at="2023-05-02T10:46:01 PKT" name="LaunchBrowser" finished-at="2023-05-02T10:46:49 PKT" duration-ms="48166" status="PASS">
          <reporter-output>
          </reporter-output>
        </test-method> <!-- LaunchBrowser -->
        <test-method signature="mouseactions()[pri:0, instance:ahsaasprogram.scheeme@44ebcd03]" started-at="2023-05-02T10:46:49 PKT" name="mouseactions" finished-at="2023-05-02T10:47:22 PKT" duration-ms="32396" status="PASS">
          <reporter-output>
          </reporter-output>
        </test-method> <!-- mouseactions -->
        <test-method is-config="true" signature="terminatebrowser()[pri:0, instance:ahsaasprogram.scheeme@44ebcd03]" started-at="2023-05-02T10:47:22 PKT" name="terminatebrowser" finished-at="2023-05-02T10:47:23 PKT" duration-ms="1246" status="PASS">
          <reporter-output>
          </reporter-output>
        </test-method> <!-- terminatebrowser -->
      </class> <!-- ahsaasprogram.scheeme -->
    </test> <!-- Default test -->
  </suite> <!-- Default suite -->
</testng-results>
